#
# There is insufficient memory for the Java Runtime Environment to continue.
# Native memory allocation (mmap) failed to map 123731968 bytes. Error detail: G1 virtual space
# Possible reasons:
#   The system is out of physical RAM or swap space
#   This process is running with CompressedOops enabled, and the Java Heap may be blocking the growth of the native heap
# Possible solutions:
#   Reduce memory load on the system
#   Increase physical memory or swap space
#   Check if swap backing store is full
#   Decrease Java heap size (-Xmx/-Xms)
#   Decrease number of Java threads
#   Decrease Java thread stack sizes (-Xss)
#   Set larger code cache with -XX:ReservedCodeCacheSize=
#   JVM is running with Unscaled Compressed Oops mode in which the Java heap is
#     placed in the first 4GB address space. The Java Heap base address is the
#     maximum limit for the native heap growth. Please use -XX:HeapBaseMinAddress
#     to set the Java Heap base and to place the Java Heap above 4GB virtual address.
# This output file may be truncated or incomplete.
#
#  Out of Memory Error (os_windows.cpp:3898), pid=20228, tid=22032
#
# JRE version:  (21.0.6) (build )
# Java VM: OpenJDK 64-Bit Server VM (21.0.6+-13391695-b895.109, mixed mode, sharing, tiered, compressed oops, compressed class ptrs, g1 gc, windows-amd64)
# No core dump will be written. Minidumps are not enabled by default on client versions of Windows
#

---------------  S U M M A R Y ------------

Command Line: 

Host: AMD Ryzen 5 7520U with Radeon Graphics         , 8 cores, 7G,  Windows 11 , 64 bit Build 26100 (10.0.26100.4768)
Time: Thu Sep  4 10:50:32 2025 Nepal Standard Time elapsed time: 2.108817 seconds (0d 0h 0m 2s)

---------------  T H R E A D  ---------------

Current thread (0x00000140ff141300):  JavaThread "Unknown thread" [_thread_in_vm, id=22032, stack(0x00000007af800000,0x00000007af900000) (1024K)]

Stack: [0x00000007af800000,0x00000007af900000]
Native frames: (J=compiled Java code, j=interpreted, Vv=VM code, C=native code)
V  [jvm.dll+0x6d0639]
V  [jvm.dll+0x85eb03]
V  [jvm.dll+0x86105e]
V  [jvm.dll+0x861743]
V  [jvm.dll+0x27e6e6]
V  [jvm.dll+0x6ccfd5]
V  [jvm.dll+0x6c0a8a]
V  [jvm.dll+0x35537b]
V  [jvm.dll+0x35cfd6]
V  [jvm.dll+0x3aef86]
V  [jvm.dll+0x3af258]
V  [jvm.dll+0x327a2c]
V  [jvm.dll+0x32871b]
V  [jvm.dll+0x826549]
V  [jvm.dll+0x3bc158]
V  [jvm.dll+0x80f7f8]
V  [jvm.dll+0x45035e]
V  [jvm.dll+0x451ac1]
C  [jli.dll+0x52ab]
C  [ucrtbase.dll+0x37b0]
C  [KERNEL32.DLL+0x2e8d7]
C  [ntdll.dll+0x3c34c]


---------------  P R O C E S S  ---------------

Threads class SMR info:
_java_thread_list=0x00007ff818d71848, length=0, elements={
}

Java Threads: ( => current thread )
Total: 0

Other Threads:
  0x00000140ff1315b0 WorkerThread "GC Thread#0"                     [id=26224, stack(0x00000007af900000,0x00000007afa00000) (1024K)]
  0x00000140814a9050 ConcurrentGCThread "G1 Main Marker"            [id=17984, stack(0x00000007afa00000,0x00000007afb00000) (1024K)]
  0x00000140ff131950 WorkerThread "G1 Conc#0"                       [id=16332, stack(0x00000007afb00000,0x00000007afc00000) (1024K)]

[error occurred during error reporting (printing all threads), id 0xc0000005, EXCEPTION_ACCESS_VIOLATION (0xc0000005) at pc=0x00007ff81856aa87]
VM state: not at safepoint (not fully initialized)

VM Mutex/Monitor currently owned by a thread:  ([mutex/lock_event])
[0x00007ff818dde4a0] Heap_lock - owner thread: 0x00000140ff141300

Heap address: 0x000000008b800000, size: 1864 MB, Compressed Oops mode: 32-bit

CDS archive(s) mapped at: [0x0000000000000000-0x0000000000000000-0x0000000000000000), size 0, SharedBaseAddress: 0x0000000800000000, ArchiveRelocationMode: 1.
Narrow klass base: 0x0000000000000000, Narrow klass shift: 0, Narrow klass range: 0x0

GC Precious Log:
 CardTable entry size: 512
 Card Set container configuration: InlinePtr #cards 5 size 8 Array Of Cards #cards 12 size 40 Howl #buckets 4 coarsen threshold 1843 Howl Bitmap #cards 512 size 80 coarsen threshold 460 Card regions per heap region 1 cards per card region 2048

Heap:
 garbage-first heap   total 0K, used 0K [0x000000008b800000, 0x0000000100000000)
  region size 1024K, 0 young (0K), 0 survivors (0K)
 Metaspace       used 0K, committed 0K, reserved 0K
  class space    used 0K, committed 0K, reserved 0K

Heap Regions: E=young(eden), S=young(survivor), O=old, HS=humongous(starts), HC=humongous(continues), CS=collection set, F=free, TAMS=top-at-mark-start, PB=parsable bottom

Card table byte_map: [0x0000014093b70000,0x0000014093f20000] _byte_map_base: 0x0000014093714000

Marking Bits: (CMBitMap*) 0x0000014081498080
 Bits: [0x0000014093f20000, 0x0000014095c40000)

GC Heap History (0 events):
No events

Dll operation events (1 events):
Event: 0.048 Loaded shared library C:\Program Files\Android\Android Studio\jbr\bin\java.dll

Deoptimization events (0 events):
No events

Classes loaded (0 events):
No events

Classes unloaded (0 events):
No events

Classes redefined (0 events):
No events

Internal exceptions (0 events):
No events

ZGC Phase Switch (0 events):
No events

VM Operations (0 events):
No events

Memory protections (0 events):
No events

Nmethod flushes (0 events):
No events

Events (0 events):
No events


Dynamic libraries:
0x00007ff620940000 - 0x00007ff62094a000 	C:\Program Files\Android\Android Studio\jbr\bin\java.EXE
0x00007ff88f360000 - 0x00007ff88f5c7000 	C:\WINDOWS\SYSTEM32\ntdll.dll
0x00007ff88eb00000 - 0x00007ff88ebc9000 	C:\WINDOWS\System32\KERNEL32.DLL
0x00007ff88ca70000 - 0x00007ff88ce60000 	C:\WINDOWS\System32\KERNELBASE.dll
0x00007ff88c610000 - 0x00007ff88c75b000 	C:\WINDOWS\System32\ucrtbase.dll
0x00007ff878800000 - 0x00007ff878818000 	C:\Program Files\Android\Android Studio\jbr\bin\jli.dll
0x00007ff8787e0000 - 0x00007ff8787fb000 	C:\Program Files\Android\Android Studio\jbr\bin\VCRUNTIME140.dll
0x00007ff88d1a0000 - 0x00007ff88d365000 	C:\WINDOWS\System32\USER32.dll
0x00007ff877ad0000 - 0x00007ff877d6a000 	C:\WINDOWS\WinSxS\amd64_microsoft.windows.common-controls_6595b64144ccf1df_6.0.26100.4768_none_3e0c112ce331287c\COMCTL32.dll
0x00007ff88ca40000 - 0x00007ff88ca67000 	C:\WINDOWS\System32\win32u.dll
0x00007ff88d0f0000 - 0x00007ff88d199000 	C:\WINDOWS\System32\msvcrt.dll
0x00007ff88eac0000 - 0x00007ff88eaeb000 	C:\WINDOWS\System32\GDI32.dll
0x00007ff88cfb0000 - 0x00007ff88d0e8000 	C:\WINDOWS\System32\gdi32full.dll
0x00007ff88ce70000 - 0x00007ff88cf13000 	C:\WINDOWS\System32\msvcp_win.dll
0x00007ff88d980000 - 0x00007ff88d9af000 	C:\WINDOWS\System32\IMM32.DLL
0x00007ff8787d0000 - 0x00007ff8787dc000 	C:\Program Files\Android\Android Studio\jbr\bin\vcruntime140_1.dll
0x00007ff878740000 - 0x00007ff8787cd000 	C:\Program Files\Android\Android Studio\jbr\bin\msvcp140.dll
0x00007ff818230000 - 0x00007ff818ebb000 	C:\Program Files\Android\Android Studio\jbr\bin\server\jvm.dll
0x00007ff88d8b0000 - 0x00007ff88d964000 	C:\WINDOWS\System32\ADVAPI32.dll
0x00007ff88d800000 - 0x00007ff88d8a6000 	C:\WINDOWS\System32\sechost.dll
0x00007ff88f1a0000 - 0x00007ff88f2b8000 	C:\WINDOWS\System32\RPCRT4.dll
0x00007ff88ea40000 - 0x00007ff88eab4000 	C:\WINDOWS\System32\WS2_32.dll
0x00007ff88c2f0000 - 0x00007ff88c34e000 	C:\WINDOWS\SYSTEM32\POWRPROF.dll
0x00007ff882100000 - 0x00007ff882135000 	C:\WINDOWS\SYSTEM32\WINMM.dll
0x00007ff87d160000 - 0x00007ff87d16b000 	C:\WINDOWS\SYSTEM32\VERSION.dll
0x00007ff88c2d0000 - 0x00007ff88c2e4000 	C:\WINDOWS\SYSTEM32\UMPDC.dll
0x00007ff88b210000 - 0x00007ff88b22b000 	C:\WINDOWS\SYSTEM32\kernel.appcore.dll
0x00007ff878730000 - 0x00007ff87873a000 	C:\Program Files\Android\Android Studio\jbr\bin\jimage.dll
0x00007ff87f4e0000 - 0x00007ff87f721000 	C:\WINDOWS\SYSTEM32\DBGHELP.DLL
0x00007ff88ed80000 - 0x00007ff88f105000 	C:\WINDOWS\System32\combase.dll
0x00007ff88e420000 - 0x00007ff88e500000 	C:\WINDOWS\System32\OLEAUT32.dll
0x00007ff888d20000 - 0x00007ff888d63000 	C:\WINDOWS\SYSTEM32\dbgcore.DLL
0x00007ff88c8e0000 - 0x00007ff88c979000 	C:\WINDOWS\System32\bcryptPrimitives.dll
0x00007ff878710000 - 0x00007ff878730000 	C:\Program Files\Android\Android Studio\jbr\bin\java.dll

dbghelp: loaded successfully - version: 4.0.5 - missing functions: none
symbol engine: initialized successfully - sym options: 0x614 - pdb path: .;C:\Program Files\Android\Android Studio\jbr\bin;C:\WINDOWS\SYSTEM32;C:\WINDOWS\WinSxS\amd64_microsoft.windows.common-controls_6595b64144ccf1df_6.0.26100.4768_none_3e0c112ce331287c;C:\Program Files\Android\Android Studio\jbr\bin\server

VM Arguments:
java_command: <unknown>
java_class_path (initial): <not set>
Launcher Type: SUN_STANDARD

[Global flags]
     intx CICompilerCount                          = 4                                         {product} {ergonomic}
     uint ConcGCThreads                            = 2                                         {product} {ergonomic}
     uint G1ConcRefinementThreads                  = 8                                         {product} {ergonomic}
   size_t G1HeapRegionSize                         = 1048576                                   {product} {ergonomic}
    uintx GCDrainStackTargetSize                   = 64                                        {product} {ergonomic}
   size_t InitialHeapSize                          = 123731968                                 {product} {ergonomic}
   size_t MarkStackSize                            = 4194304                                   {product} {ergonomic}
   size_t MaxHeapSize                              = 1954545664                                {product} {ergonomic}
   size_t MinHeapDeltaBytes                        = 1048576                                   {product} {ergonomic}
   size_t MinHeapSize                              = 8388608                                   {product} {ergonomic}
    uintx NonNMethodCodeHeapSize                   = 5839372                                {pd product} {ergonomic}
    uintx NonProfiledCodeHeapSize                  = 122909434                              {pd product} {ergonomic}
    uintx ProfiledCodeHeapSize                     = 122909434                              {pd product} {ergonomic}
    uintx ReservedCodeCacheSize                    = 251658240                              {pd product} {ergonomic}
     bool SegmentedCodeCache                       = true                                      {product} {ergonomic}
   size_t SoftMaxHeapSize                          = 1954545664                             {manageable} {ergonomic}
     bool UseCompressedOops                        = true                           {product lp64_product} {ergonomic}
     bool UseG1GC                                  = true                                      {product} {ergonomic}
     bool UseLargePagesIndividualAllocation        = false                                  {pd product} {ergonomic}

Logging:
Log output configuration:
 #0: stdout all=warning uptime,level,tags foldmultilines=false
 #1: stderr all=off uptime,level,tags foldmultilines=false

Environment Variables:
PATH=C:\Program Files\Common Files\Oracle\Java\javapath;C:\Program Files (x86)\VMware\VMware Workstation\bin\;C:\WINDOWS\system32;C:\WINDOWS;C:\WINDOWS\System32\Wbem;C:\WINDOWS\System32\WindowsPowerShell\v1.0\;C:\WINDOWS\System32\OpenSSH\;C:\Program Files\nodejs\;C:\Users\ASUS\AppData\Roaming\npm;C:\Program Files\Git\cmd;C:\Program Files\Git\mingw64\bin;C:\Program Files\Git\usr\bin;C:\xampp\php;C:\composer;C:\Users\ASUS\AppData\Local\Microsoft\WindowsApps;C:\Users\ASUS\AppData\Local\Programs\Microsoft VS Code\bin;C:\Users\ASUS\AppData\Roaming\npm;C:\Program Files\Multipass\bin;C:\Users\ASUS\AppData\Roaming\Composer\vendor\bin;C:\src\flutter\bin;C:\Users\ASUS\AppData\Local\Pub\Cache\bin;C:\Program Files\Java\jdk-17\bin;;C:\src\flutter\bin\mingit\cmd;C:\src\flutter\bin\mingit\cmd
USERNAME=ASUS
OS=Windows_NT
PROCESSOR_IDENTIFIER=AMD64 Family 23 Model 160 Stepping 0, AuthenticAMD
TMP=C:\Users\ASUS\AppData\Local\Temp
TEMP=C:\Users\ASUS\AppData\Local\Temp




Periodic native trim disabled

JNI global refs:
JNI global refs: 0, weak refs: 0

JNI global refs memory usage: 0, weak refs: 0

Process memory usage:
Resident Set Size: 12812K (0% of 7634556K total physical memory with 781284K free physical memory)

OOME stack traces (most recent first):
Classloader memory used:

---------------  S Y S T E M  ---------------

OS:
 Windows 11 , 64 bit Build 26100 (10.0.26100.4768)
OS uptime: 1 days 1:23 hours
Hyper-V role detected

CPU: total 8 (initial active 8) (8 cores per cpu, 2 threads per core) family 23 model 160 stepping 0 microcode 0x8a00006, cx8, cmov, fxsr, ht, mmx, 3dnowpref, sse, sse2, sse3, ssse3, sse4a, sse4.1, sse4.2, popcnt, lzcnt, tsc, tscinvbit, avx, avx2, aes, clmul, bmi1, bmi2, adx, sha, fma, vzeroupper, clflush, clflushopt, hv, rdtscp, rdpid, f16c
Processor Information for the first 8 processors :
  Max Mhz: 2801, Current Mhz: 2483, Mhz Limit: 2801

Memory: 4k page, system-wide physical 7455M (762M free)
TotalPageFile size 29983M (AvailPageFile size 32M)
current process WorkingSet (physical memory assigned to process): 12M, peak: 12M
current process commit charge ("private bytes"): 60M, peak: 178M

vm_info: OpenJDK 64-Bit Server VM (21.0.6+-13391695-b895.109) for windows-amd64 JRE (21.0.6+-13391695-b895.109), built on 2025-04-22T21:19:17Z by "builder" with MS VC++ 16.10 / 16.11 (VS2019)

END.
